<?xml version="1.0" encoding="UTF-8"?>
<!-- Generated by org.testng.reporters.JUnitReportReporter -->
<testsuite hostname="EBRK" failures="0" tests="5" name="testclasses.LoginTest" time="16.770" errors="0" timestamp="2025-08-29T22:29:09 EDT" skipped="0">
  <testcase classname="testclasses.LoginTest" name="loginValidations" time="2.647"/>
  <testcase classname="testclasses.LoginTest" name="loginValidations" time="3.165"/>
  <testcase classname="testclasses.LoginTest" name="loginValidations" time="4.521"/>
  <testcase classname="testclasses.LoginTest" name="loginValidations" time="3.297"/>
  <testcase classname="testclasses.LoginTest" name="loginValidations" time="3.140"/>
</testsuite> <!-- testclasses.LoginTest -->
