<?xml version="1.0" encoding="UTF-8"?>
<!-- Generated by org.testng.reporters.JUnitReportReporter -->
<testsuite hostname="EBRK" failures="0" tests="1" name="testclasses.LoginTest" time="6.181" errors="0" timestamp="2025-08-27T11:19:56 EDT" skipped="0">
  <testcase classname="testclasses.LoginTest" name="loginValidations" time="6.181"/>
</testsuite> <!-- testclasses.LoginTest -->
